<?xml version="1.0" encoding="UTF-8"?><testsuite errors="22" failures="5" name="Validate error meaasage in office page" skipped="0" tests="40" time="430.47" timestamp="2019-04-30 01:49:16"><testcase name="Log into the GSA website as createDepartment"/><testcase name="Account name"/><testcase name="Validation on empty field in request office page"/><testcase name="Validate required fields error messages"><failure message="expected:&lt;[987]&gt; but was:&lt;[111]&gt;" type="java.lang.AssertionError">expected:&lt;[987]&gt; but was:&lt;[111]&gt;</failure><system-err>expected:&lt;[987]&gt; but was:&lt;[111]&gt;&#13;
gov.gsa.sam.stepdefinition.CreateOfficeStepDef.The_user_enters_office_details_Name(CreateOfficeStepDef.java:258)&#13;
✽.The user enters office details Name Test161(src/test/resources/features/negRequestOffice.feature:45)&#13;
</system-err></testcase><testcase name="Validation on Awards office types error messages"><failure message="expected:&lt;[987]&gt; but was:&lt;[111]&gt;" type="java.lang.AssertionError">expected:&lt;[987]&gt; but was:&lt;[111]&gt;</failure><system-err>expected:&lt;[987]&gt; but was:&lt;[111]&gt;&#13;
gov.gsa.sam.stepdefinition.CreateOfficeStepDef.The_user_enters_office_details_Name(CreateOfficeStepDef.java:258)&#13;
✽.The user enters office details Name Test161(src/test/resources/features/negRequestOffice.feature:77)&#13;
</system-err></testcase><testcase name="Validation on Funding office types error messages"><error message="expected:&lt;[987]&gt; but was:&lt;[111]&gt;" type="java.lang.AssertionError">expected:&lt;[987]&gt; but was:&lt;[111]&gt;</error><system-err>expected:&lt;[987]&gt; but was:&lt;[111]&gt;&#13;
gov.gsa.sam.stepdefinition.CreateOfficeStepDef.The_user_enters_office_details_Name(CreateOfficeStepDef.java:258)&#13;
✽.The user enters office details Name Test161(src/test/resources/features/negRequestOffice.feature:136)&#13;
</system-err></testcase><testcase name="Validation on office address error messages"><error message="no such element: Unable to locate element: {&quot;method&quot;:&quot;xpath&quot;,&quot;selector&quot;:&quot;//*[@id=&quot;main-container&quot;]/ng-component/div/div/div[2]/page/div/div/div[1]/div/sam-breadcrumbs/ul/li[4]/a&quot;}&#10;  (Session info: chrome=73.0.3683.86)&#10;  (Driver info: chromedriver=2.38.552522 (437e6fbedfa8762dec75e2c5b3ddb86763dc9dcb),platform=Windows NT 6.1.7601 SP1 x86_64) (WARNING: The server did not provide any stacktrace information)&#10;Command duration or timeout: 0 milliseconds&#10;For documentation on this error, please visit: http://seleniumhq.org/exceptions/no_such_element.html&#10;Build info: version: '3.11.0', revision: 'e59cfb3', time: '2018-03-11T20:26:55.152Z'&#10;System info: host: 'I07R7C-AF1F18', ip: '172.21.72.72', os.name: 'Windows 7', os.arch: 'amd64', os.version: '6.1', java.version: '1.8.0_191'&#10;Driver info: org.openqa.selenium.remote.RemoteWebDriver&#10;Capabilities {acceptInsecureCerts: false, acceptSslCerts: false, applicationCacheEnabled: false, browserConnectionEnabled: false, browserName: chrome, chrome: {chromedriverVersion: 2.38.552522 (437e6fbedfa876..., userDataDir: C:\Users\SH359E~1\AppData\L...}, cssSelectorsEnabled: true, databaseEnabled: false, handlesAlerts: true, hasTouchScreen: false, javascriptEnabled: true, locationContextEnabled: true, mobileEmulationEnabled: false, nativeEvents: true, networkConnectionEnabled: false, pageLoadStrategy: normal, platform: XP, platformName: XP, rotatable: false, setWindowRect: true, takesHeapSnapshot: true, takesScreenshot: true, unexpectedAlertBehaviour: , unhandledPromptBehavior: , version: 73.0.3683.86, webStorageEnabled: true}&#10;Session ID: 64b81c4f3df0c7a01590797b0bf9d7d4&#10;*** Element info: {Using=xpath, value=//*[@id=&quot;main-container&quot;]/ng-component/div/div/div[2]/page/div/div/div[1]/div/sam-breadcrumbs/ul/li[4]/a}&#10;For documentation on this error, please visit: http://seleniumhq.org/exceptions/no_such_element.html&#10;Build info: version: '3.11.0', revision: 'e59cfb3', time: '2018-03-11T20:26:55.152Z'&#10;System info: host: 'I07R7C-AF1F18', ip: '172.21.72.72', os.name: 'Windows 7', os.arch: 'amd64', os.version: '6.1', java.version: '1.8.0_191'&#10;Driver info: driver.version: unknown" type="org.openqa.selenium.NoSuchElementException">no such element: Unable to locate element: {"method":"xpath","selector":"//*[@id="main-container"]/ng-component/div/div/div[2]/page/div/div/div[1]/div/sam-breadcrumbs/ul/li[4]/a"}
  (Session info: chrome=73.0.3683.86)
  (Driver info: chromedriver=2.38.552522 (437e6fbedfa8762dec75e2c5b3ddb86763dc9dcb),platform=Windows NT 6.1.7601 SP1 x86_64) (WARNING: The server did not provide any stacktrace information)
Command duration or timeout: 0 milliseconds
For documentation on this error, please visit: http://seleniumhq.org/exceptions/no_such_element.html
Build info: version: '3.11.0', revision: 'e59cfb3', time: '2018-03-11T20:26:55.152Z'
System info: host: 'I07R7C-AF1F18', ip: '172.21.72.72', os.name: 'Windows 7', os.arch: 'amd64', os.version: '6.1', java.version: '1.8.0_191'
Driver info: org.openqa.selenium.remote.RemoteWebDriver
Capabilities {acceptInsecureCerts: false, acceptSslCerts: false, applicationCacheEnabled: false, browserConnectionEnabled: false, browserName: chrome, chrome: {chromedriverVersion: 2.38.552522 (437e6fbedfa876..., userDataDir: C:\Users\SH359E~1\AppData\L...}, cssSelectorsEnabled: true, databaseEnabled: false, handlesAlerts: true, hasTouchScreen: false, javascriptEnabled: true, locationContextEnabled: true, mobileEmulationEnabled: false, nativeEvents: true, networkConnectionEnabled: false, pageLoadStrategy: normal, platform: XP, platformName: XP, rotatable: false, setWindowRect: true, takesHeapSnapshot: true, takesScreenshot: true, unexpectedAlertBehaviour: , unhandledPromptBehavior: , version: 73.0.3683.86, webStorageEnabled: true}
Session ID: 64b81c4f3df0c7a01590797b0bf9d7d4
*** Element info: {Using=xpath, value=//*[@id="main-container"]/ng-component/div/div/div[2]/page/div/div/div[1]/div/sam-breadcrumbs/ul/li[4]/a}
For documentation on this error, please visit: http://seleniumhq.org/exceptions/no_such_element.html
Build info: version: '3.11.0', revision: 'e59cfb3', time: '2018-03-11T20:26:55.152Z'
System info: host: 'I07R7C-AF1F18', ip: '172.21.72.72', os.name: 'Windows 7', os.arch: 'amd64', os.version: '6.1', java.version: '1.8.0_191'
Driver info: driver.version: unknown</error><system-err>no such element: Unable to locate element: {"method":"xpath","selector":"//*[@id="main-container"]/ng-component/div/div/div[2]/page/div/div/div[1]/div/sam-breadcrumbs/ul/li[4]/a"}
  (Session info: chrome=73.0.3683.86)
  (Driver info: chromedriver=2.38.552522 (437e6fbedfa8762dec75e2c5b3ddb86763dc9dcb),platform=Windows NT 6.1.7601 SP1 x86_64) (WARNING: The server did not provide any stacktrace information)
Command duration or timeout: 0 milliseconds
For documentation on this error, please visit: http://seleniumhq.org/exceptions/no_such_element.html
Build info: version: '3.11.0', revision: 'e59cfb3', time: '2018-03-11T20:26:55.152Z'
System info: host: 'I07R7C-AF1F18', ip: '172.21.72.72', os.name: 'Windows 7', os.arch: 'amd64', os.version: '6.1', java.version: '1.8.0_191'
Driver info: org.openqa.selenium.remote.RemoteWebDriver
Capabilities {acceptInsecureCerts: false, acceptSslCerts: false, applicationCacheEnabled: false, browserConnectionEnabled: false, browserName: chrome, chrome: {chromedriverVersion: 2.38.552522 (437e6fbedfa876..., userDataDir: C:\Users\SH359E~1\AppData\L...}, cssSelectorsEnabled: true, databaseEnabled: false, handlesAlerts: true, hasTouchScreen: false, javascriptEnabled: true, locationContextEnabled: true, mobileEmulationEnabled: false, nativeEvents: true, networkConnectionEnabled: false, pageLoadStrategy: normal, platform: XP, platformName: XP, rotatable: false, setWindowRect: true, takesHeapSnapshot: true, takesScreenshot: true, unexpectedAlertBehaviour: , unhandledPromptBehavior: , version: 73.0.3683.86, webStorageEnabled: true}
Session ID: 64b81c4f3df0c7a01590797b0bf9d7d4
*** Element info: {Using=xpath, value=//*[@id="main-container"]/ng-component/div/div/div[2]/page/div/div/div[1]/div/sam-breadcrumbs/ul/li[4]/a}
For documentation on this error, please visit: http://seleniumhq.org/exceptions/no_such_element.html
Build info: version: '3.11.0', revision: 'e59cfb3', time: '2018-03-11T20:26:55.152Z'
System info: host: 'I07R7C-AF1F18', ip: '172.21.72.72', os.name: 'Windows 7', os.arch: 'amd64', os.version: '6.1', java.version: '1.8.0_191'
Driver info: driver.version: unknown&#13;
gov.gsa.sam.stepdefinition.NegRequestOfficeStepDef.User_click_on_subTier_breadcrumb_link(NegRequestOfficeStepDef.java:178)&#13;
✽.User click on subTier breadcrumb link(src/test/resources/features/negRequestOffice.feature:241)&#13;
</system-err></testcase><testcase name="Department created browser sign out"/></testsuite>